<?xml version="1.0" encoding="UTF-8"?>
<testsuite xmlns:xsi="http://www.w3.org/2001/XMLSchema-instance" xsi:noNamespaceSchemaLocation="https://maven.apache.org/surefire/maven-surefire-plugin/xsd/surefire-test-report-3.0.xsd" version="3.0" name="TestSuite" time="35.55" tests="1" errors="0" skipped="0" failures="0">
  <properties>
[...]
</properties>
  <testcase name="validLogin" classname="Tests.TC01_LoginTest" time="5.395">
    <system-out><![CDATA[[25evel] 05-08-2025 15:10:20 [main] [Tests.TC01_LoginTest.setUp(TC01_LoginTest.java:31)] - null
[25evel] 05-08-2025 15:10:26 [main] [Tests.TC01_LoginTest.setUp(TC01_LoginTest.java:33)] - Edge is opened
[25evel] 05-08-2025 15:10:27 [main] [Tests.TC01_LoginTest.setUp(TC01_LoginTest.java:35)] - Page is redirected to the url
[25evel] 05-08-2025 15:10:40 [main] [Utilities.Utility.takingFullScreenShot(Utility.java:91)] - no such element: Unable to locate element: {"method":"css selector","selector":"#shopping_cart_container > a > svg"}
  (Session info: MicrosoftEdge=138.0.3351.121)
For documentation on this error, please visit: https://www.selenium.dev/documentation/webdriver/troubleshooting/errors#no-such-element-exception
Build info: version: '4.18.1', revision: 'b1d3319b48'
System info: os.name: 'Windows 11', os.arch: 'amd64', os.version: '10.0', java.version: '23'
Driver info: org.openqa.selenium.edge.EdgeDriver
Command: [9310f934352ff95153b6234bf33f1b7d, findElement {using=css selector, value=#shopping_cart_container > a > svg}]
Capabilities {acceptInsecureCerts: false, browserName: MicrosoftEdge, browserVersion: 138.0.3351.121, fedcm:accounts: true, ms:edgeOptions: {debuggerAddress: localhost:61009}, msedge: {msedgedriverVersion: 138.0.3351.55 (3171b71f28b7..., userDataDir: C:\Users\LENOVO\AppData\Loc...}, networkConnectionEnabled: false, pageLoadStrategy: normal, platformName: windows, proxy: Proxy(), se:cdp: ws://localhost:61009/devtoo..., se:cdpVersion: 138.0.3351.121, setWindowRect: true, strictFileInteractability: false, timeouts: {implicit: 0, pageLoad: 300000, script: 30000}, unhandledPromptBehavior: dismiss and notify, webauthn:extension:credBlob: true, webauthn:extension:largeBlob: true, webauthn:extension:minPinLength: true, webauthn:extension:prf: true, webauthn:virtualAuthenticators: true}
Session ID: 9310f934352ff95153b6234bf33f1b7d
[25evel] 05-08-2025 15:10:40 [main] [Listeners.ITestListenerClass.onTestStart(ITestListenerClass.java:9)] - TC null started
[25evel] 05-08-2025 15:10:41 [main] [Tests.TC01_LoginTest.validLogin(TC01_LoginTest.java:41)] - Hello from login test
]]></system-out>
    <system-err><![CDATA[Aug 05, 2025 3:10:22 PM org.openqa.selenium.manager.SeleniumManager lambda$runCommand$1
WARNING: There was an error managing msedgedriver (error sending request for url (https://msedgedriver.azureedge.net/LATEST_RELEASE_138_WINDOWS): error trying to connect: dns error: No such host is known. (os error 11001)); using driver found in the cache
Aug 05, 2025 3:10:26 PM org.openqa.selenium.devtools.CdpVersionFinder findNearestMatch
WARNING: Unable to find CDP implementation matching 138
Aug 05, 2025 3:10:26 PM org.openqa.selenium.chromium.ChromiumDriver lambda$new$5
WARNING: Unable to find version of CDP to use for 138.0.3351.121. You may need to include a dependency on a specific version of the CDP using something similar to `org.seleniumhq.selenium:selenium-devtools-v86:4.18.1` where the version ("v86") matches the version of the chromium-based browser you're using and the version number of the artifact is the same as Selenium's.
]]></system-err>
  </testcase>
</testsuite>