<?xml version="1.0" encoding="UTF-8"?>
<testng-results ignored="0" total="1" passed="1" failed="0" skipped="0">
  <reporter-output>
  </reporter-output>
  <suite started-at="2025-08-05T15:10:16 EEST" name="Login Suite" finished-at="2025-08-05T15:10:47 EEST" duration-ms="31202">
    <groups>
    </groups>
    <test started-at="2025-08-05T15:10:16 EEST" name="Login test" finished-at="2025-08-05T15:10:47 EEST" duration-ms="31202">
      <class name="Tests.TC01_LoginTest">
        <test-method is-config="true" signature="setUp()[pri:0, instance:Tests.TC01_LoginTest@213860b8]" started-at="2025-08-05T15:10:16 EEST" name="setUp" finished-at="2025-08-05T15:10:27 EEST" duration-ms="10864" status="PASS">
          <reporter-output>
          </reporter-output>
        </test-method> <!-- setUp -->
        <test-method signature="validLogin()[pri:0, instance:Tests.TC01_LoginTest@213860b8]" started-at="2025-08-05T15:10:40 EEST" name="validLogin" finished-at="2025-08-05T15:10:43 EEST" duration-ms="2274" status="PASS">
          <reporter-output>
          </reporter-output>
        </test-method> <!-- validLogin -->
        <test-method is-config="true" signature="quit()[pri:0, instance:Tests.TC01_LoginTest@213860b8]" started-at="2025-08-05T15:10:46 EEST" name="quit" finished-at="2025-08-05T15:10:47 EEST" duration-ms="1330" status="PASS">
          <reporter-output>
          </reporter-output>
        </test-method> <!-- quit -->
      </class> <!-- Tests.TC01_LoginTest -->
    </test> <!-- Login test -->
  </suite> <!-- Login Suite -->
</testng-results>
